<?xml version="1.0" encoding="UTF-8"?>
<!-- Generated by org.testng.reporters.JUnitReportReporter -->
<testsuite hostname="DESKTOP-G5380CM" failures="0" tests="1" name="com.restapi.tests.SamplePut" time="1.902" errors="0" timestamp="2021-06-22T21:12:11 EDT" skipped="0">
  <testcase classname="com.restapi.tests.SamplePut" name="UpdateRecords" time="1.902"/>
  <system-out/>
</testsuite> <!-- com.restapi.tests.SamplePut -->
