<?xml version="1.0" encoding="UTF-8"?>
<!-- Generated by org.testng.reporters.JUnitReportReporter -->
<testsuite hostname="DESKTOP-G5380CM" failures="0" tests="1" name="com.restapi.tests.sampleDelete" time="1.638" errors="0" timestamp="2021-06-22T21:08:46 EDT" skipped="0">
  <testcase classname="com.restapi.tests.sampleDelete" name="sampleDelete" time="1.638"/>
  <system-out/>
</testsuite> <!-- com.restapi.tests.sampleDelete -->
