<?xml version="1.0" encoding="UTF-8"?>
<!-- Generated by org.testng.reporters.JUnitReportReporter -->
<testsuite hostname="DESKTOP-G5380CM" failures="0" tests="1" name="apiTest.SampleGet" time="2.089" errors="0" timestamp="2020-02-13T19:58:40 EST" skipped="0">
  <testcase classname="apiTest.SampleGet" name="sampleGet1" time="2.089"/>
  <system-out/>
</testsuite> <!-- apiTest.SampleGet -->
