<?xml version="1.0" encoding="UTF-8"?>
<!-- Generated by org.testng.reporters.JUnitReportReporter -->
<testsuite hostname="DESKTOP-G5380CM" failures="0" tests="1" name="apiTest.SampleGet2" time="3.201" errors="0" timestamp="2020-02-13T20:44:29 EST" skipped="0">
  <testcase classname="apiTest.SampleGet2" name="sampleGet2" time="3.201"/>
  <system-out/>
</testsuite> <!-- apiTest.SampleGet2 -->
