<?xml version="1.0" encoding="UTF-8"?>
<!-- Generated by org.testng.reporters.JUnitReportReporter -->
<testsuite hostname="DESKTOP-G5380CM" failures="0" tests="1" name="com.restapi.tests.SamplePost" time="1.793" errors="0" timestamp="2021-06-22T21:13:02 EDT" skipped="0">
  <testcase classname="com.restapi.tests.SamplePost" name="samplePostMethod" time="1.793"/>
  <system-out/>
</testsuite> <!-- com.restapi.tests.SamplePost -->
