<?xml version="1.0" encoding="UTF-8"?>
<!-- Generated by org.testng.reporters.JUnitReportReporter -->
<testsuite hostname="DESKTOP-G5380CM" failures="0" tests="1" name="com.restapi.tests.SampleGetTest" time="1.847" errors="0" timestamp="2021-06-22T21:21:24 EDT" skipped="0">
  <testcase classname="com.restapi.tests.SampleGetTest" name="testGetCall" time="1.847"/>
  <system-out/>
</testsuite> <!-- com.restapi.tests.SampleGetTest -->
